<?xml version="1.0" encoding="UTF-8"?>
<testsuite xmlns:xsi="http://www.w3.org/2001/XMLSchema-instance" xsi:noNamespaceSchemaLocation="https://maven.apache.org/surefire/maven-surefire-plugin/xsd/surefire-test-report.xsd" name="com.ntn.testcase.EventTabServicesTester" time="6.797" tests="30" errors="0" skipped="0" failures="4">
  <properties>
    <property name="java.specification.version" value="23"/>
    <property name="sun.cpu.isalist" value="amd64"/>
    <property name="sun.jnu.encoding" value="Cp1252"/>
    <property name="java.class.path" value="C:\Users\NHAT\Code\JavaKTPM\KTPM_Project\EventManagement\target\test-classes;C:\Users\NHAT\.m2\repository\org\openjfx\javafx-controls\23.0.1\javafx-controls-23.0.1.jar;C:\Users\NHAT\.m2\repository\org\openjfx\javafx-graphics\23.0.1\javafx-graphics-23.0.1.jar;C:\Users\NHAT\.m2\repository\org\openjfx\javafx-base\23.0.1\javafx-base-23.0.1.jar;C:\Users\NHAT\.m2\repository\org\openjfx\javafx-fxml\13\javafx-fxml-13.jar;C:\Users\NHAT\.m2\repository\com\mysql\mysql-connector-j\8.4.0\mysql-connector-j-8.4.0.jar;C:\Users\NHAT\.m2\repository\com\google\protobuf\protobuf-java\3.25.1\protobuf-java-3.25.1.jar;C:\Users\NHAT\.m2\repository\org\eclipse\persistence\org.eclipse.persistence.core\2.7.12\org.eclipse.persistence.core-2.7.12.jar;C:\Users\NHAT\.m2\repository\org\eclipse\persistence\org.eclipse.persistence.asm\9.4.0\org.eclipse.persistence.asm-9.4.0.jar;C:\Users\NHAT\.m2\repository\org\eclipse\persistence\org.eclipse.persistence.antlr\2.7.12\org.eclipse.persistence.antlr-2.7.12.jar;C:\Users\NHAT\.m2\repository\org\eclipse\persistence\org.eclipse.persistence.jpa\2.7.12\org.eclipse.persistence.jpa-2.7.12.jar;C:\Users\NHAT\.m2\repository\org\eclipse\persistence\org.eclipse.persistence.jpa.jpql\2.7.12\org.eclipse.persistence.jpa.jpql-2.7.12.jar;C:\Users\NHAT\.m2\repository\org\eclipse\persistence\org.eclipse.persistence.moxy\2.7.12\org.eclipse.persistence.moxy-2.7.12.jar;C:\Users\NHAT\.m2\repository\de\mkammerer\argon2-jvm\2.12\argon2-jvm-2.12.jar;C:\Users\NHAT\.m2\repository\org\junit\jupiter\junit-jupiter-engine\5.7.0-M1\junit-jupiter-engine-5.7.0-M1.jar;C:\Users\NHAT\.m2\repository\org\apiguardian\apiguardian-api\1.1.0\apiguardian-api-1.1.0.jar;C:\Users\NHAT\.m2\repository\org\junit\platform\junit-platform-engine\1.7.0-M1\junit-platform-engine-1.7.0-M1.jar;C:\Users\NHAT\.m2\repository\org\opentest4j\opentest4j\1.2.0\opentest4j-1.2.0.jar;C:\Users\NHAT\.m2\repository\org\junit\platform\junit-platform-commons\1.7.0-M1\junit-platform-commons-1.7.0-M1.jar;C:\Users\NHAT\.m2\repository\org\junit\jupiter\junit-jupiter-api\5.7.0-M1\junit-jupiter-api-5.7.0-M1.jar;C:\Users\NHAT\.m2\repository\org\junit\jupiter\junit-jupiter-params\5.7.0-M1\junit-jupiter-params-5.7.0-M1.jar;C:\Users\NHAT\.m2\repository\org\junit\platform\junit-platform-runner\1.7.0-M1\junit-platform-runner-1.7.0-M1.jar;C:\Users\NHAT\.m2\repository\junit\junit\4.13\junit-4.13.jar;C:\Users\NHAT\.m2\repository\org\hamcrest\hamcrest-core\1.3\hamcrest-core-1.3.jar;C:\Users\NHAT\.m2\repository\org\junit\platform\junit-platform-launcher\1.7.0-M1\junit-platform-launcher-1.7.0-M1.jar;C:\Users\NHAT\.m2\repository\org\junit\platform\junit-platform-suite-api\1.7.0-M1\junit-platform-suite-api-1.7.0-M1.jar;C:\Users\NHAT\.m2\repository\org\mockito\mockito-core\5.14.2\mockito-core-5.14.2.jar;C:\Users\NHAT\.m2\repository\net\bytebuddy\byte-buddy\1.15.4\byte-buddy-1.15.4.jar;C:\Users\NHAT\.m2\repository\net\bytebuddy\byte-buddy-agent\1.15.4\byte-buddy-agent-1.15.4.jar;C:\Users\NHAT\.m2\repository\org\objenesis\objenesis\3.3\objenesis-3.3.jar;C:\Users\NHAT\.m2\repository\org\mockito\mockito-junit-jupiter\5.14.2\mockito-junit-jupiter-5.14.2.jar;"/>
    <property name="java.vm.vendor" value="Oracle Corporation"/>
    <property name="sun.arch.data.model" value="64"/>
    <property name="user.variant" value=""/>
    <property name="java.vendor.url" value="https://java.oracle.com/"/>
    <property name="user.timezone" value="Asia/Saigon"/>
    <property name="os.name" value="Windows 11"/>
    <property name="java.vm.specification.version" value="23"/>
    <property name="user.country" value="US"/>
    <property name="sun.java.launcher" value="SUN_STANDARD"/>
    <property name="sun.boot.library.path" value="C:\Program Files\Java\jdk-23.0.2\bin"/>
    <property name="sun.java.command" value="org.apache.maven.surefire.booter.ForkedBooter C:\Users\NHAT\AppData\Local\Temp\surefire366632236245971522 2025-04-25T01-06-27_206-jvmRun1 surefire3550038319051298399tmp surefire_03782332638079114306tmp"/>
    <property name="jdk.debug" value="release"/>
    <property name="test" value="com.ntn.testcase.EventTabServicesTester"/>
    <property name="surefire.test.class.path" value="C:\Users\NHAT\Code\JavaKTPM\KTPM_Project\EventManagement\target\test-classes;C:\Users\NHAT\.m2\repository\org\openjfx\javafx-controls\23.0.1\javafx-controls-23.0.1.jar;C:\Users\NHAT\.m2\repository\org\openjfx\javafx-graphics\23.0.1\javafx-graphics-23.0.1.jar;C:\Users\NHAT\.m2\repository\org\openjfx\javafx-base\23.0.1\javafx-base-23.0.1.jar;C:\Users\NHAT\.m2\repository\org\openjfx\javafx-fxml\13\javafx-fxml-13.jar;C:\Users\NHAT\.m2\repository\com\mysql\mysql-connector-j\8.4.0\mysql-connector-j-8.4.0.jar;C:\Users\NHAT\.m2\repository\com\google\protobuf\protobuf-java\3.25.1\protobuf-java-3.25.1.jar;C:\Users\NHAT\.m2\repository\org\eclipse\persistence\org.eclipse.persistence.core\2.7.12\org.eclipse.persistence.core-2.7.12.jar;C:\Users\NHAT\.m2\repository\org\eclipse\persistence\org.eclipse.persistence.asm\9.4.0\org.eclipse.persistence.asm-9.4.0.jar;C:\Users\NHAT\.m2\repository\org\eclipse\persistence\org.eclipse.persistence.antlr\2.7.12\org.eclipse.persistence.antlr-2.7.12.jar;C:\Users\NHAT\.m2\repository\org\eclipse\persistence\org.eclipse.persistence.jpa\2.7.12\org.eclipse.persistence.jpa-2.7.12.jar;C:\Users\NHAT\.m2\repository\org\eclipse\persistence\org.eclipse.persistence.jpa.jpql\2.7.12\org.eclipse.persistence.jpa.jpql-2.7.12.jar;C:\Users\NHAT\.m2\repository\org\eclipse\persistence\org.eclipse.persistence.moxy\2.7.12\org.eclipse.persistence.moxy-2.7.12.jar;C:\Users\NHAT\.m2\repository\de\mkammerer\argon2-jvm\2.12\argon2-jvm-2.12.jar;C:\Users\NHAT\.m2\repository\org\junit\jupiter\junit-jupiter-engine\5.7.0-M1\junit-jupiter-engine-5.7.0-M1.jar;C:\Users\NHAT\.m2\repository\org\apiguardian\apiguardian-api\1.1.0\apiguardian-api-1.1.0.jar;C:\Users\NHAT\.m2\repository\org\junit\platform\junit-platform-engine\1.7.0-M1\junit-platform-engine-1.7.0-M1.jar;C:\Users\NHAT\.m2\repository\org\opentest4j\opentest4j\1.2.0\opentest4j-1.2.0.jar;C:\Users\NHAT\.m2\repository\org\junit\platform\junit-platform-commons\1.7.0-M1\junit-platform-commons-1.7.0-M1.jar;C:\Users\NHAT\.m2\repository\org\junit\jupiter\junit-jupiter-api\5.7.0-M1\junit-jupiter-api-5.7.0-M1.jar;C:\Users\NHAT\.m2\repository\org\junit\jupiter\junit-jupiter-params\5.7.0-M1\junit-jupiter-params-5.7.0-M1.jar;C:\Users\NHAT\.m2\repository\org\junit\platform\junit-platform-runner\1.7.0-M1\junit-platform-runner-1.7.0-M1.jar;C:\Users\NHAT\.m2\repository\junit\junit\4.13\junit-4.13.jar;C:\Users\NHAT\.m2\repository\org\hamcrest\hamcrest-core\1.3\hamcrest-core-1.3.jar;C:\Users\NHAT\.m2\repository\org\junit\platform\junit-platform-launcher\1.7.0-M1\junit-platform-launcher-1.7.0-M1.jar;C:\Users\NHAT\.m2\repository\org\junit\platform\junit-platform-suite-api\1.7.0-M1\junit-platform-suite-api-1.7.0-M1.jar;C:\Users\NHAT\.m2\repository\org\mockito\mockito-core\5.14.2\mockito-core-5.14.2.jar;C:\Users\NHAT\.m2\repository\net\bytebuddy\byte-buddy\1.15.4\byte-buddy-1.15.4.jar;C:\Users\NHAT\.m2\repository\net\bytebuddy\byte-buddy-agent\1.15.4\byte-buddy-agent-1.15.4.jar;C:\Users\NHAT\.m2\repository\org\objenesis\objenesis\3.3\objenesis-3.3.jar;C:\Users\NHAT\.m2\repository\org\mockito\mockito-junit-jupiter\5.14.2\mockito-junit-jupiter-5.14.2.jar;"/>
    <property name="sun.cpu.endian" value="little"/>
    <property name="user.home" value="C:\Users\NHAT"/>
    <property name="user.language" value="en"/>
    <property name="java.specification.vendor" value="Oracle Corporation"/>
    <property name="jdk.module.path" value="C:\Users\NHAT\Code\JavaKTPM\KTPM_Project\EventManagement\target\classes;C:\Users\NHAT\.m2\repository\org\openjfx\javafx-controls\23.0.1\javafx-controls-23.0.1-win.jar;C:\Users\NHAT\.m2\repository\org\openjfx\javafx-graphics\23.0.1\javafx-graphics-23.0.1-win.jar;C:\Users\NHAT\.m2\repository\org\openjfx\javafx-base\23.0.1\javafx-base-23.0.1-win.jar;C:\Users\NHAT\.m2\repository\org\openjfx\javafx-fxml\13\javafx-fxml-13-win.jar;C:\Users\NHAT\.m2\repository\org\eclipse\persistence\jakarta.persistence\2.2.3\jakarta.persistence-2.2.3.jar;C:\Users\NHAT\.m2\repository\de\mkammerer\argon2-jvm-nolibs\2.12\argon2-jvm-nolibs-2.12.jar;C:\Users\NHAT\.m2\repository\net\java\dev\jna\jna\5.13.0\jna-5.13.0.jar"/>
    <property name="java.version.date" value="2025-01-21"/>
    <property name="java.home" value="C:\Program Files\Java\jdk-23.0.2"/>
    <property name="file.separator" value="\"/>
    <property name="basedir" value="C:\Users\NHAT\Code\JavaKTPM\KTPM_Project\EventManagement"/>
    <property name="java.vm.compressedOopsMode" value="32-bit"/>
    <property name="line.separator" value="&#10;"/>
    <property name="java.vm.specification.vendor" value="Oracle Corporation"/>
    <property name="java.specification.name" value="Java Platform API Specification"/>
    <property name="surefire.real.class.path" value="C:\Users\NHAT\.m2\repository\org\apache\maven\surefire\surefire-booter\2.22.2\surefire-booter-2.22.2.jar;C:\Users\NHAT\.m2\repository\org\apache\maven\surefire\surefire-api\2.22.2\surefire-api-2.22.2.jar;C:\Users\NHAT\.m2\repository\org\apache\maven\surefire\surefire-logger-api\2.22.2\surefire-logger-api-2.22.2.jar;C:\Users\NHAT\Code\JavaKTPM\KTPM_Project\EventManagement\target\test-classes;C:\Users\NHAT\.m2\repository\org\openjfx\javafx-controls\23.0.1\javafx-controls-23.0.1.jar;C:\Users\NHAT\.m2\repository\org\openjfx\javafx-graphics\23.0.1\javafx-graphics-23.0.1.jar;C:\Users\NHAT\.m2\repository\org\openjfx\javafx-base\23.0.1\javafx-base-23.0.1.jar;C:\Users\NHAT\.m2\repository\org\openjfx\javafx-fxml\13\javafx-fxml-13.jar;C:\Users\NHAT\.m2\repository\com\mysql\mysql-connector-j\8.4.0\mysql-connector-j-8.4.0.jar;C:\Users\NHAT\.m2\repository\com\google\protobuf\protobuf-java\3.25.1\protobuf-java-3.25.1.jar;C:\Users\NHAT\.m2\repository\org\eclipse\persistence\org.eclipse.persistence.core\2.7.12\org.eclipse.persistence.core-2.7.12.jar;C:\Users\NHAT\.m2\repository\org\eclipse\persistence\org.eclipse.persistence.asm\9.4.0\org.eclipse.persistence.asm-9.4.0.jar;C:\Users\NHAT\.m2\repository\org\eclipse\persistence\org.eclipse.persistence.antlr\2.7.12\org.eclipse.persistence.antlr-2.7.12.jar;C:\Users\NHAT\.m2\repository\org\eclipse\persistence\org.eclipse.persistence.jpa\2.7.12\org.eclipse.persistence.jpa-2.7.12.jar;C:\Users\NHAT\.m2\repository\org\eclipse\persistence\org.eclipse.persistence.jpa.jpql\2.7.12\org.eclipse.persistence.jpa.jpql-2.7.12.jar;C:\Users\NHAT\.m2\repository\org\eclipse\persistence\org.eclipse.persistence.moxy\2.7.12\org.eclipse.persistence.moxy-2.7.12.jar;C:\Users\NHAT\.m2\repository\de\mkammerer\argon2-jvm\2.12\argon2-jvm-2.12.jar;C:\Users\NHAT\.m2\repository\org\junit\jupiter\junit-jupiter-engine\5.7.0-M1\junit-jupiter-engine-5.7.0-M1.jar;C:\Users\NHAT\.m2\repository\org\apiguardian\apiguardian-api\1.1.0\apiguardian-api-1.1.0.jar;C:\Users\NHAT\.m2\repository\org\junit\platform\junit-platform-engine\1.7.0-M1\junit-platform-engine-1.7.0-M1.jar;C:\Users\NHAT\.m2\repository\org\opentest4j\opentest4j\1.2.0\opentest4j-1.2.0.jar;C:\Users\NHAT\.m2\repository\org\junit\platform\junit-platform-commons\1.7.0-M1\junit-platform-commons-1.7.0-M1.jar;C:\Users\NHAT\.m2\repository\org\junit\jupiter\junit-jupiter-api\5.7.0-M1\junit-jupiter-api-5.7.0-M1.jar;C:\Users\NHAT\.m2\repository\org\junit\jupiter\junit-jupiter-params\5.7.0-M1\junit-jupiter-params-5.7.0-M1.jar;C:\Users\NHAT\.m2\repository\org\junit\platform\junit-platform-runner\1.7.0-M1\junit-platform-runner-1.7.0-M1.jar;C:\Users\NHAT\.m2\repository\junit\junit\4.13\junit-4.13.jar;C:\Users\NHAT\.m2\repository\org\hamcrest\hamcrest-core\1.3\hamcrest-core-1.3.jar;C:\Users\NHAT\.m2\repository\org\junit\platform\junit-platform-launcher\1.7.0-M1\junit-platform-launcher-1.7.0-M1.jar;C:\Users\NHAT\.m2\repository\org\junit\platform\junit-platform-suite-api\1.7.0-M1\junit-platform-suite-api-1.7.0-M1.jar;C:\Users\NHAT\.m2\repository\org\mockito\mockito-core\5.14.2\mockito-core-5.14.2.jar;C:\Users\NHAT\.m2\repository\net\bytebuddy\byte-buddy\1.15.4\byte-buddy-1.15.4.jar;C:\Users\NHAT\.m2\repository\net\bytebuddy\byte-buddy-agent\1.15.4\byte-buddy-agent-1.15.4.jar;C:\Users\NHAT\.m2\repository\org\objenesis\objenesis\3.3\objenesis-3.3.jar;C:\Users\NHAT\.m2\repository\org\mockito\mockito-junit-jupiter\5.14.2\mockito-junit-jupiter-5.14.2.jar;C:\Users\NHAT\.m2\repository\org\apache\maven\surefire\surefire-junit-platform\2.22.2\surefire-junit-platform-2.22.2.jar"/>
    <property name="user.script" value=""/>
    <property name="sun.management.compiler" value="HotSpot 64-Bit Tiered Compilers"/>
    <property name="java.runtime.version" value="23.0.2+7-58"/>
    <property name="user.name" value="NHAT"/>
    <property name="stdout.encoding" value="Cp1252"/>
    <property name="path.separator" value=";"/>
    <property name="os.version" value="10.0"/>
    <property name="java.runtime.name" value="Java(TM) SE Runtime Environment"/>
    <property name="file.encoding" value="UTF-8"/>
    <property name="java.vm.name" value="Java HotSpot(TM) 64-Bit Server VM"/>
    <property name="maven.ext.class.path" value="C:\Program Files\NetBeans-24\netbeans\java\maven-nblib\netbeans-eventspy.jar"/>
    <property name="localRepository" value="C:\Users\NHAT\.m2\repository"/>
    <property name="java.vendor.url.bug" value="https://bugreport.java.com/bugreport/"/>
    <property name="java.io.tmpdir" value="C:\Users\NHAT\AppData\Local\Temp\"/>
    <property name="java.version" value="23.0.2"/>
    <property name="user.dir" value="C:\Users\NHAT\Code\JavaKTPM\KTPM_Project\EventManagement"/>
    <property name="os.arch" value="amd64"/>
    <property name="java.vm.specification.name" value="Java Virtual Machine Specification"/>
    <property name="sun.os.patch.level" value=""/>
    <property name="native.encoding" value="Cp1252"/>
    <property name="java.library.path" value="C:\Program Files\Java\jdk-23.0.2\bin;C:\WINDOWS\Sun\Java\bin;C:\WINDOWS\system32;C:\WINDOWS;C:\Program Files (x86)\VMware\VMware Workstation\bin\;C:\Program Files\Common Files\Oracle\Java\javapath;C:\WINDOWS\system32;C:\WINDOWS;C:\WINDOWS\System32\Wbem;C:\WINDOWS\System32\WindowsPowerShell\v1.0\;C:\WINDOWS\System32\OpenSSH\;C:\MinGW\bin;C:\Program Files\Git\cmd;C:\Program Files\dotnet\;C:\Program Files (x86)\Microsoft SQL Server\160\Tools\Binn\;C:\Program Files\Microsoft SQL Server\160\Tools\Binn\;C:\Program Files\Microsoft SQL Server\Client SDK\ODBC\170\Tools\Binn\;C:\Program Files\Microsoft SQL Server\160\DTS\Binn\;C:\Program Files (x86)\Microsoft SQL Server\160\DTS\Binn\;C:\Program Files\Microsoft SQL Server\150\Tools\Binn\;C:\ProgramData\ComposerSetup\bin;C:\Program Files\Docker\Docker\resources\bin;C:\Program Files\nodejs\;C:\Program Files\MySQL\MySQL Shell 8.0\bin\;C:\Users\NHAT\AppData\Local\Programs\Python\Python312\Scripts\;C:\Users\NHAT\AppData\Local\Programs\Python\Python312\;C:\Users\NHAT\AppData\Local\Programs\Python\Launcher\;C:\Users\NHAT\AppData\Local\Microsoft\WindowsApps;C:\msys64\mingw64\bin;C:\Users\NHAT\Microsoft VS Code\bin;C:\Users\NHAT\.dotnet\tools;C:\Users\NHAT\AppData\Roaming\Composer\vendor\bin;D:\Xampp\php;C:\Program Files\MySQL\MySQL Server 8.0\bin;C:\Users\NHAT\AppData\Roaming\npm;."/>
    <property name="java.vm.info" value="mixed mode"/>
    <property name="stderr.encoding" value="Cp1252"/>
    <property name="java.vendor" value="Oracle Corporation"/>
    <property name="java.vm.version" value="23.0.2+7-58"/>
    <property name="sun.io.unicode.encoding" value="UnicodeLittle"/>
    <property name="java.class.version" value="67.0"/>
  </properties>
  <testcase name="testEventStartDateIsNull" classname="com.ntn.testcase.EventTabServicesTester" time="3.546"/>
  <testcase name="testCreateEventEqualEventExist{String, String, String, String}[1]" classname="com.ntn.testcase.EventTabServicesTester" time="1.435"/>
  <testcase name="testCreateEventEqualEventExist{String, String, String, String}[2]" classname="com.ntn.testcase.EventTabServicesTester" time="0.09"/>
  <testcase name="testCreateEventEqualEventExist{String, String, String, String}[3]" classname="com.ntn.testcase.EventTabServicesTester" time="0.094"/>
  <testcase name="testCreateEventEqualEventExist{String, String, String, String}[4]" classname="com.ntn.testcase.EventTabServicesTester" time="0.111"/>
  <testcase name="testCreateEventEqualEventExist{String, String, String, String}[5]" classname="com.ntn.testcase.EventTabServicesTester" time="0.073"/>
  <testcase name="testCreateEventEqualEventExist{String, String, String, String}[6]" classname="com.ntn.testcase.EventTabServicesTester" time="0.104">
    <failure message="expected: not &lt;null&gt;" type="org.opentest4j.AssertionFailedError"><![CDATA[org.opentest4j.AssertionFailedError: expected: not <null>
	at com.ntn.eventmanagement/com.ntn.testcase.EventTabServicesTester.testCreateEventEqualEventExist(EventTabServicesTester.java:382)
]]></failure>
    <system-out><![CDATA[Start: 2025-04-26 05:00:00.0 - End: 2025-04-26 06:59:00.0
]]></system-out>
  </testcase>
  <testcase name="testCreateEventEqualEventExist{String, String, String, String}[7]" classname="com.ntn.testcase.EventTabServicesTester" time="0.069">
    <failure message="expected: not &lt;null&gt;" type="org.opentest4j.AssertionFailedError"><![CDATA[org.opentest4j.AssertionFailedError: expected: not <null>
	at com.ntn.eventmanagement/com.ntn.testcase.EventTabServicesTester.testCreateEventEqualEventExist(EventTabServicesTester.java:382)
]]></failure>
    <system-out><![CDATA[Start: 2025-04-26 23:01:00.0 - End: 2025-04-26 23:59:00.0
]]></system-out>
  </testcase>
  <testcase name="testCreateEventEqualEventExist{String, String, String, String}[8]" classname="com.ntn.testcase.EventTabServicesTester" time="0.085"/>
  <testcase name="testCheckValidAction_whenEventIsValid" classname="com.ntn.testcase.EventTabServicesTester" time="0.018"/>
  <testcase name="testGetTicketTypes" classname="com.ntn.testcase.EventTabServicesTester" time="0.03"/>
  <testcase name="testEventStartTimeAndEndTimeInvalid{String, String}[1]" classname="com.ntn.testcase.EventTabServicesTester" time="0.041"/>
  <testcase name="testEventStartTimeAndEndTimeInvalid{String, String}[2]" classname="com.ntn.testcase.EventTabServicesTester" time="0.037">
    <failure message="expected: &lt;Giờ không hợp lệ! Vui lòng nhập đúng định dạng HH:mm.&gt; but was: &lt;Ngày và giờ bắt đầu phải lớn hơn ngày hiện tại&gt;" type="org.opentest4j.AssertionFailedError"><![CDATA[org.opentest4j.AssertionFailedError: expected: <Giờ không hợp lệ! Vui lòng nhập đúng định dạng HH:mm.> but was: <Ngày và giờ bắt đầu phải lớn hơn ngày hiện tại>
	at com.ntn.eventmanagement/com.ntn.testcase.EventTabServicesTester.testEventStartTimeAndEndTimeInvalid(EventTabServicesTester.java:303)
]]></failure>
  </testcase>
  <testcase name="testEventInPast" classname="com.ntn.testcase.EventTabServicesTester" time="0.009"/>
  <testcase name="testEventDisable" classname="com.ntn.testcase.EventTabServicesTester" time="0.009"/>
  <testcase name="testEventIsUpdateOR" classname="com.ntn.testcase.EventTabServicesTester" time="0.008"/>
  <testcase name="testEmptyFields{String, String, String, String, String, String, String}[1]" classname="com.ntn.testcase.EventTabServicesTester" time="0.182"/>
  <testcase name="testEmptyFields{String, String, String, String, String, String, String}[2]" classname="com.ntn.testcase.EventTabServicesTester" time="0.033"/>
  <testcase name="testEmptyFields{String, String, String, String, String, String, String}[3]" classname="com.ntn.testcase.EventTabServicesTester" time="0.005"/>
  <testcase name="testEmptyFields{String, String, String, String, String, String, String}[4]" classname="com.ntn.testcase.EventTabServicesTester" time="0.029"/>
  <testcase name="testEmptyFields{String, String, String, String, String, String, String}[5]" classname="com.ntn.testcase.EventTabServicesTester" time="0.022"/>
  <testcase name="testEmptyFields{String, String, String, String, String, String, String}[6]" classname="com.ntn.testcase.EventTabServicesTester" time="0.015"/>
  <testcase name="testEmptyFields{String, String, String, String, String, String, String}[7]" classname="com.ntn.testcase.EventTabServicesTester" time="0.007"/>
  <testcase name="testEmptyFields{String, String, String, String, String, String, String}[8]" classname="com.ntn.testcase.EventTabServicesTester" time="0"/>
  <testcase name="testEventExactly24hLeft" classname="com.ntn.testcase.EventTabServicesTester" time="0.008"/>
  <testcase name="testEventEndDateMoreThanStartDate" classname="com.ntn.testcase.EventTabServicesTester" time="0.015">
    <failure message="expected: &lt;Ngày và giờ kết thúc phải lớn hơn ngày bắt đầu&gt; but was: &lt;Ngày và giờ bắt đầu phải lớn hơn ngày hiện tại&gt;" type="org.opentest4j.AssertionFailedError"><![CDATA[org.opentest4j.AssertionFailedError: expected: <Ngày và giờ kết thúc phải lớn hơn ngày bắt đầu> but was: <Ngày và giờ bắt đầu phải lớn hơn ngày hiện tại>
	at com.ntn.eventmanagement/com.ntn.testcase.EventTabServicesTester.testEventEndDateMoreThanStartDate(EventTabServicesTester.java:357)
]]></failure>
  </testcase>
  <testcase name="testEventExpired" classname="com.ntn.testcase.EventTabServicesTester" time="0.004"/>
  <testcase name="testEventStartDateLessThanCurrentDay" classname="com.ntn.testcase.EventTabServicesTester" time="0.009"/>
  <testcase name="testGetEvents" classname="com.ntn.testcase.EventTabServicesTester" time="0.045"/>
  <testcase name="testGetVenues" classname="com.ntn.testcase.EventTabServicesTester" time="0.006"/>
</testsuite>